This file contains any messages produced by compilers while
running configure, to aid debugging if configure makes a mistake.

It was created by Modular Verilog/ASIC Build System configure ?, which was
generated by GNU Autoconf 2.68.  Invocation command line was

  $ ../configure 

## --------- ##
## Platform. ##
## --------- ##

hostname = Chufan-Ubuntu
uname -m = x86_64
uname -r = 5.4.22-20183886-1
uname -s = Linux
uname -v = #1 SMP Fri Oct 9 20:40:31 CST 2020

/usr/bin/uname -p = x86_64
/bin/uname -X     = unknown

/bin/arch              = x86_64
/usr/bin/arch -k       = unknown
/usr/convex/getsysinfo = unknown
/usr/bin/hostinfo      = unknown
/bin/machine           = unknown
/usr/bin/oslevel       = unknown
/bin/universe          = unknown

PATH: /home/linuxbrew/.linuxbrew/bin
PATH: /home/linuxbrew/.linuxbrew/sbin
PATH: /opt/Xilinx//DocNav
PATH: /opt/Xilinx//Vivado/2020.1/bin
PATH: /home/allen/intelFPGA_lite/20.1/quartus/bin
PATH: /home/allen/.npm-global/bin
PATH: /home/allen/bin
PATH: /usr/local/bin
PATH: /home/allen/.local/bin
PATH: /home/allen/.local/bin
PATH: /home/allen/bin
PATH: /usr/local/sbin
PATH: /usr/local/bin
PATH: /usr/sbin
PATH: /usr/bin
PATH: /sbin
PATH: /bin
PATH: /usr/games
PATH: /usr/local/games
PATH: /snap/bin


## ----------- ##
## Core tests. ##
## ----------- ##

configure:1695: checking build system type
configure:1709: result: x86_64-unknown-linux-gnu
configure:1754: checking for iverilog
configure:1770: found /usr/bin/iverilog
configure:1781: result: iverilog
configure:1838: checking for python
configure:1854: found /usr/bin/python
configure:1865: result: python
configure:2043: creating ./config.status

## ---------------------- ##
## Running config.status. ##
## ---------------------- ##

This file was extended by Modular Verilog/ASIC Build System config.status ?, which was
generated by GNU Autoconf 2.68.  Invocation command line was

  CONFIG_FILES    = 
  CONFIG_HEADERS  = 
  CONFIG_LINKS    = 
  CONFIG_COMMANDS = 
  $ ./config.status 

on Chufan-Ubuntu

config.status:732: creating Makefile

## ---------------- ##
## Cache variables. ##
## ---------------- ##

ac_cv_build=x86_64-unknown-linux-gnu
ac_cv_env_build_alias_set=
ac_cv_env_build_alias_value=
ac_cv_env_host_alias_set=
ac_cv_env_host_alias_value=
ac_cv_env_target_alias_set=
ac_cv_env_target_alias_value=
ac_cv_prog_iverilog=iverilog
ac_cv_prog_python=python

## ----------------- ##
## Output variables. ##
## ----------------- ##

DEFS='-DPACKAGE_NAME=\"Modular\ Verilog/ASIC\ Build\ System\" -DPACKAGE_TARNAME=\"mvabs\" -DPACKAGE_VERSION=\"\?\" -DPACKAGE_STRING=\"Modular\ Verilog/ASIC\ Build\ System\ \?\" -DPACKAGE_BUGREPORT=\"Christopher\ Batten\" -DPACKAGE_URL=\"\"'
ECHO_C=''
ECHO_N='-n'
ECHO_T=''
LIBOBJS=''
LIBS=''
LTLIBOBJS=''
PACKAGE_BUGREPORT='Christopher Batten'
PACKAGE_NAME='Modular Verilog/ASIC Build System'
PACKAGE_STRING='Modular Verilog/ASIC Build System ?'
PACKAGE_TARNAME='mvabs'
PACKAGE_URL=''
PACKAGE_VERSION='?'
PATH_SEPARATOR=':'
SHELL='/bin/bash'
bindir='${exec_prefix}/bin'
build='x86_64-unknown-linux-gnu'
build_alias=''
build_cpu='x86_64'
build_os='linux-gnu'
build_vendor='unknown'
datadir='${datarootdir}'
datarootdir='${prefix}/share'
docdir='${datarootdir}/doc/${PACKAGE_TARNAME}'
dvidir='${docdir}'
exec_prefix='${prefix}'
host_alias=''
htmldir='${docdir}'
includedir='${prefix}/include'
infodir='${datarootdir}/info'
iverilog='iverilog'
libdir='${exec_prefix}/lib'
libexecdir='${exec_prefix}/libexec'
localedir='${datarootdir}/locale'
localstatedir='${prefix}/var'
mandir='${datarootdir}/man'
oldincludedir='/usr/include'
pdfdir='${docdir}'
prefix='/usr/local'
program_transform_name='s,x,x,'
psdir='${docdir}'
python='python'
sbindir='${exec_prefix}/sbin'
sharedstatedir='${prefix}/com'
sysconfdir='${prefix}/etc'
target_alias=''
vcomp='iverilog'
vcomp_flags='-s top -g2012 -Wall  -Wno-sensitivity-entire-vector -Wno-sensitivity-entire-array'
vlint=''
vlint_flags=''
vpp='iverilog'
vpp_flags='-E -s top -g2012 -Wall     -Wno-sensitivity-entire-vector -Wno-sensitivity-entire-array'

## ----------- ##
## confdefs.h. ##
## ----------- ##

/* confdefs.h */
#define PACKAGE_NAME "Modular Verilog/ASIC Build System"
#define PACKAGE_TARNAME "mvabs"
#define PACKAGE_VERSION "?"
#define PACKAGE_STRING "Modular Verilog/ASIC Build System ?"
#define PACKAGE_BUGREPORT "Christopher Batten"
#define PACKAGE_URL ""

configure: exit 0
